<?xml version="1.0" encoding="UTF-8"?>
<!-- Generated by org.testng.reporters.JUnitXMLReporter -->
<testsuite ignored="0" hostname="DESKTOP-RMSCL2B" failures="1" tests="1" name="Test" time="77.103" errors="0" timestamp="2022-03-16T17:22:07 IST">
  <testcase classname="com.crm.Practice.CreateContactWithUtilityPOM2withBaseclassassert" name="CreateContactWithUtilityTest" time="25.0">
    <failure type="java.lang.AssertionError" message="null">
      <![CDATA[java.lang.AssertionError: null
at com.crm.Practice.CreateContactWithUtilityPOM2withBaseclassassert.CreateContactWithUtilityTest(CreateContactWithUtilityPOM2withBaseclassassert.java:51)
at java.base/java.util.ArrayList.forEach(ArrayList.java:1511)
... Removed 29 stack frames]]>
    </failure>
  </testcase> <!-- CreateContactWithUtilityTest -->
</testsuite> <!-- Test -->
